正在上传文件...
Processing audio with duration 00:29.977
Processing audio with duration 00:29.977
Processing audio with duration 00:59.977
申请上传成功, 总计大小20664KB, 5分片, 分片大小5120KB: biz388087788244860681/AIA597726634480519758.MP3
开始上传分片0: 0-5242880
分片0上传成功: c2cd4af3b74d4b1484b1aeb1e30377a9
开始上传分片1: 5242880-10485760
分片1上传成功: 5579cfd2ee18c5b2a3f476632d2579cd
开始上传分片2: 10485760-15728640
分片2上传成功: 9628c8b115f0d48eb0d36c6f19ffb0f3
开始上传分片3: 15728640-20971520
分片3上传成功: 5db57b54d3451be7b5b9132ea38ff47d
开始上传分片4: 20971520-26214400
分片4上传成功: 9a8130a6f926b0c4939b8bec1fed7b13
提交成功
任务已创建: c53aff01bd0f4144be72a69979abd3a6
转换成功
申请上传成功, 总计大小20664KB, 5分片, 分片大小5120KB: biz388087788244860681/AIA597727158265190467.MP3
开始上传分片0: 0-5242880
分片0上传成功: 47b74c223f6e71e29173f85706211cf7
开始上传分片1: 5242880-10485760
分片1上传成功: 5579cfd2ee18c5b2a3f476632d2579cd
开始上传分片2: 10485760-15728640
分片2上传成功: 9628c8b115f0d48eb0d36c6f19ffb0f3
开始上传分片3: 15728640-20971520
分片3上传成功: 5db57b54d3451be7b5b9132ea38ff47d
开始上传分片4: 20971520-26214400
分片4上传成功: 9a8130a6f926b0c4939b8bec1fed7b13
提交成功
任务已创建: 0b98493a530b415ab70170009005d43d
转换成功
申请上传成功, 总计大小20664KB, 5分片, 分片大小5120KB: biz388087788244860681/AIA597727627339385422.MP3
开始上传分片0: 0-5242880
分片0上传成功: 50eb5dbb48cf55533d6e2c6d3bbccc9d
开始上传分片1: 5242880-10485760
分片1上传成功: 5579cfd2ee18c5b2a3f476632d2579cd
开始上传分片2: 10485760-15728640
分片2上传成功: 9628c8b115f0d48eb0d36c6f19ffb0f3
开始上传分片3: 15728640-20971520
分片3上传成功: 5db57b54d3451be7b5b9132ea38ff47d
开始上传分片4: 20971520-26214400
分片4上传成功: 9a8130a6f926b0c4939b8bec1fed7b13
提交成功
任务已创建: a19b18c4bc2a410b9d065b06a3788be9
转换成功
申请上传成功, 总计大小20664KB, 5分片, 分片大小5120KB: biz388087788244860681/AIA597727844268783177.MP3
开始上传分片0: 0-5242880
分片0上传成功: 99b6623a62222742ec80c443b1f72af4
开始上传分片1: 5242880-10485760
分片1上传成功: 5579cfd2ee18c5b2a3f476632d2579cd
开始上传分片2: 10485760-15728640
分片2上传成功: 9628c8b115f0d48eb0d36c6f19ffb0f3
开始上传分片3: 15728640-20971520
分片3上传成功: 5db57b54d3451be7b5b9132ea38ff47d
开始上传分片4: 20971520-26214400
分片4上传成功: 9a8130a6f926b0c4939b8bec1fed7b13
提交成功
任务已创建: bbbbf9500c9b4c60a81bc884e8b4027f
转换成功
申请上传成功, 总计大小20664KB, 5分片, 分片大小5120KB: biz388087788244860681/AIA597728076750657603.MP3
开始上传分片0: 0-5242880
分片0上传成功: add8b631aad0ac7745b2a031546ecc75
开始上传分片1: 5242880-10485760
分片1上传成功: 5579cfd2ee18c5b2a3f476632d2579cd
开始上传分片2: 10485760-15728640
分片2上传成功: 9628c8b115f0d48eb0d36c6f19ffb0f3
开始上传分片3: 15728640-20971520
分片3上传成功: 5db57b54d3451be7b5b9132ea38ff47d
开始上传分片4: 20971520-26214400
分片4上传成功: 9a8130a6f926b0c4939b8bec1fed7b13
提交成功
任务已创建: 53b2d3ac6c60403aabee670be7f3b8e7
转换成功
申请上传成功, 总计大小20664KB, 5分片, 分片大小5120KB: biz388087788244860681/AIA597728332099885123.MP3
开始上传分片0: 0-5242880
分片0上传成功: 8cc0f90280fa17576273fdc8e5bc2043
开始上传分片1: 5242880-10485760
分片1上传成功: 5579cfd2ee18c5b2a3f476632d2579cd
开始上传分片2: 10485760-15728640
分片2上传成功: 9628c8b115f0d48eb0d36c6f19ffb0f3
开始上传分片3: 15728640-20971520
分片3上传成功: 5db57b54d3451be7b5b9132ea38ff47d
开始上传分片4: 20971520-26214400
分片4上传成功: 9a8130a6f926b0c4939b8bec1fed7b13
提交成功
任务已创建: eab27dcd2a914d609f9d0c5be2dd2b51
转换成功
申请上传成功, 总计大小20664KB, 5分片, 分片大小5120KB: biz388087788244860681/AIA597729270130821710.MP3
开始上传分片0: 0-5242880
分片0上传成功: b0c31be389c037f9dafffd6f2d790d85
开始上传分片1: 5242880-10485760
分片1上传成功: 5579cfd2ee18c5b2a3f476632d2579cd
开始上传分片2: 10485760-15728640
分片2上传成功: 9628c8b115f0d48eb0d36c6f19ffb0f3
开始上传分片3: 15728640-20971520
分片3上传成功: 5db57b54d3451be7b5b9132ea38ff47d
开始上传分片4: 20971520-26214400
分片4上传成功: 9a8130a6f926b0c4939b8bec1fed7b13
提交成功
任务已创建: cf4e9a07711d4d0992b1e53e42c3a90b
转换成功
申请上传成功, 总计大小20664KB, 5分片, 分片大小5120KB: biz388087788244860681/AIA597729522141378121.MP3
开始上传分片0: 0-5242880
分片0上传成功: 2078371184bee15e19c0b4d892055d27
开始上传分片1: 5242880-10485760
分片1上传成功: 5579cfd2ee18c5b2a3f476632d2579cd
开始上传分片2: 10485760-15728640
分片2上传成功: 9628c8b115f0d48eb0d36c6f19ffb0f3
开始上传分片3: 15728640-20971520
分片3上传成功: 5db57b54d3451be7b5b9132ea38ff47d
开始上传分片4: 20971520-26214400
分片4上传成功: 9a8130a6f926b0c4939b8bec1fed7b13
提交成功
任务已创建: 8f83f3e61bfb497d9dd0f695afbdde0e
转换成功
申请上传成功, 总计大小20664KB, 5分片, 分片大小5120KB: biz388087788244860681/AIA597730289480915114.MP3
开始上传分片0: 0-5242880
分片0上传成功: 06ab29dd6a938fb23cb1ee375fd793f3
开始上传分片1: 5242880-10485760
分片1上传成功: 5579cfd2ee18c5b2a3f476632d2579cd
开始上传分片2: 10485760-15728640
分片2上传成功: 9628c8b115f0d48eb0d36c6f19ffb0f3
开始上传分片3: 15728640-20971520
分片3上传成功: 5db57b54d3451be7b5b9132ea38ff47d
开始上传分片4: 20971520-26214400
分片4上传成功: 9a8130a6f926b0c4939b8bec1fed7b13
提交成功
任务已创建: fdf988f30e0f47ffb58610723768103d
转换成功
申请上传成功, 总计大小20664KB, 5分片, 分片大小5120KB: biz388087788244860681/AIA597730387526961742.MP3
开始上传分片0: 0-5242880
分片0上传成功: 84b59c187166c2a6c831e9dc86563d8c
开始上传分片1: 5242880-10485760
分片1上传成功: 5579cfd2ee18c5b2a3f476632d2579cd
开始上传分片2: 10485760-15728640
分片2上传成功: 9628c8b115f0d48eb0d36c6f19ffb0f3
开始上传分片3: 15728640-20971520
分片3上传成功: 5db57b54d3451be7b5b9132ea38ff47d
开始上传分片4: 20971520-26214400
分片4上传成功: 9a8130a6f926b0c4939b8bec1fed7b13
提交成功
任务已创建: 4a921f3cad0b4bd59cbbf94cb1680556
转换成功
申请上传成功, 总计大小20664KB, 5分片, 分片大小5120KB: biz388087788244860681/AIA597739453246625962.MP3
开始上传分片0: 0-5242880
分片0上传成功: 31df0f5c9dc86edbb933ad961770f291
开始上传分片1: 5242880-10485760
分片1上传成功: 5579cfd2ee18c5b2a3f476632d2579cd
开始上传分片2: 10485760-15728640
分片2上传成功: 9628c8b115f0d48eb0d36c6f19ffb0f3
开始上传分片3: 15728640-20971520
分片3上传成功: 5db57b54d3451be7b5b9132ea38ff47d
开始上传分片4: 20971520-26214400
分片4上传成功: 9a8130a6f926b0c4939b8bec1fed7b13
提交成功
任务已创建: e675ddae3c83426b812235a66adfb633
转换成功
申请上传成功, 总计大小20664KB, 5分片, 分片大小5120KB: biz388087788244860681/AIA597739941530741184.MP3
开始上传分片0: 0-5242880
分片0上传成功: 8de5c61c3ae676dede37c1c81cd485e4
开始上传分片1: 5242880-10485760
分片1上传成功: 5579cfd2ee18c5b2a3f476632d2579cd
开始上传分片2: 10485760-15728640
分片2上传成功: 9628c8b115f0d48eb0d36c6f19ffb0f3
开始上传分片3: 15728640-20971520
分片3上传成功: 5db57b54d3451be7b5b9132ea38ff47d
开始上传分片4: 20971520-26214400
分片4上传成功: 9a8130a6f926b0c4939b8bec1fed7b13
提交成功
任务已创建: 2b0b1c2664be483f8aee7c30b5a431c7
转换成功
正在上传文件...
正在上传文件...
提交任务...
获取结果...
转录完成
正在上传文件...
Processing audio with duration 00:38.034
Processing audio with duration 00:38.034
Processing audio with duration 00:29.977
Processing audio with duration 00:38.034
Processing audio with duration 00:38.034
Processing audio with duration 00:29.977
Processing audio with duration 00:38.034
Processing audio with duration 00:38.034
Processing audio with duration 00:38.034
正在上传文件...
提交任务...
获取结果...
转录完成
申请上传成功, 总计大小13104KB, 3分片, 分片大小5120KB: biz388087788244860681/AIA597976685043800234.MP3
开始上传分片0: 0-5242880
分片0上传成功: 4854fe30995342c8d20a164eee0be062
开始上传分片1: 5242880-10485760
分片1上传成功: 59ad5bd905a98f4e1eda612ac1d7dab0
开始上传分片2: 10485760-15728640
分片2上传成功: 47d0b6c6962993bbf304150e61c90ed9
提交成功
任务已创建: 2424897c06244027a8fa5cd8701a088b
转换成功
Processing audio with duration 00:38.034
Processing audio with duration 00:38.034
Processing audio with duration 00:38.034
Processing audio with duration 00:38.034
正在上传文件...
提交任务...
获取结果...
转录完成
正在上传文件...
提交任务...
获取结果...
转录完成
正在上传文件...
提交任务...
获取结果...
转录完成
正在上传文件...
提交任务...
获取结果...
转录完成
正在上传文件...
提交任务...
获取结果...
转录完成
正在上传文件...
正在上传文件...
提交任务...
获取结果...
转录完成
正在上传文件...
Processing audio with duration 00:38.034
Processing audio with duration 01:59.792
正在上传文件...
提交任务...
获取结果...
转录完成
正在上传文件...
正在上传文件...
提交任务...
获取结果...
转录完成
正在上传文件...
申请上传成功, 总计大小7621KB, 2分片, 分片大小5120KB: biz388087788244860681/AIA602189200543981634.MP3
开始上传分片0: 0-5242880
分片0上传成功: 21a2b16dffce4c57533aad7f91b4dcb4
开始上传分片1: 5242880-10485760
分片1上传成功: 06b1e24b35c240c0c3791af4ea75b342
提交成功
任务已创建: 87f9d96a6b974304af3b1427da277b6d
转换成功
Processing audio with duration 00:23.200
申请上传成功, 总计大小7993KB, 2分片, 分片大小5120KB: biz388087788244860681/AIA602190886301966990.MP3
开始上传分片0: 0-5242880
分片0上传成功: efc7906ce59a941f5a3d33a623115284
开始上传分片1: 5242880-10485760
分片1上传成功: d7fcb948b6dabac059fcfffe24190018
提交成功
任务已创建: 9e0731bdc0a240b8a91edef69141e4df
转换成功
申请上传成功, 总计大小7993KB, 2分片, 分片大小5120KB: biz388087788244860681/AIA602195399322642254.MP3
开始上传分片0: 0-5242880
分片0上传成功: bd811a4441530b97550d7ed1a86281a3
开始上传分片1: 5242880-10485760
分片1上传成功: d7fcb948b6dabac059fcfffe24190018
提交成功
任务已创建: 956c56da5e8f4c178fe2ca522f324612
转换成功
申请上传成功, 总计大小7993KB, 2分片, 分片大小5120KB: biz388087788244860681/AIA602219357405225614.MP3
开始上传分片0: 0-5242880
分片0上传成功: f79003e0beedd48f17cc7486387ca55d
开始上传分片1: 5242880-10485760
分片1上传成功: d7fcb948b6dabac059fcfffe24190018
提交成功
任务已创建: 513110bb1871419480964fb72f2ffb80
Processing audio with duration 00:23.200
申请上传成功, 总计大小7993KB, 2分片, 分片大小5120KB: biz388087788244860681/AIA602219741838319682.MP3
开始上传分片0: 0-5242880
分片0上传成功: 8886e09fe50cdc393ecf31f489d76d0d
开始上传分片1: 5242880-10485760
分片1上传成功: d7fcb948b6dabac059fcfffe24190018
提交成功
任务已创建: 169d9a01b7144e3993322c2b0a7e9d3e
转换成功
申请上传成功, 总计大小7993KB, 2分片, 分片大小5120KB: biz388087788244860681/AIA602233387402427642.MP3
开始上传分片0: 0-5242880
分片0上传成功: fb93350bdcc1d18c0caa03a256f56f6a
开始上传分片1: 5242880-10485760
分片1上传成功: d7fcb948b6dabac059fcfffe24190018
提交成功
任务已创建: 392f2632b5a74b619925968687f61fcd
转换成功
Processing audio with duration 00:23.200
正在上传文件...
提交任务...
获取结果...
转录完成
正在上传文件...
提交任务...
获取结果...
转录完成
